#
# There is insufficient memory for the Java Runtime Environment to continue.
# Native memory allocation (malloc) failed to allocate 383536 bytes for Chunk::new
# Possible reasons:
#   The system is out of physical RAM or swap space
#   In 32 bit mode, the process size limit was hit
# Possible solutions:
#   Reduce memory load on the system
#   Increase physical memory or swap space
#   Check if swap backing store is full
#   Use 64 bit Java on a 64 bit OS
#   Decrease Java heap size (-Xmx/-Xms)
#   Decrease number of Java threads
#   Decrease Java thread stack sizes (-Xss)
#   Set larger code cache with -XX:ReservedCodeCacheSize=
# This output file may be truncated or incomplete.
#
#  Out of Memory Error (allocation.cpp:390), pid=15100, tid=0x0000000000003630
#
# JRE version: OpenJDK Runtime Environment (8.0_112-b06) (build 1.8.0_112-release-b06)
# Java VM: OpenJDK 64-Bit Server VM (25.112-b06 mixed mode windows-amd64 compressed oops)
# Failed to write core dump. Minidumps are not enabled by default on client versions of Windows
#

---------------  T H R E A D  ---------------

Current thread (0x00000000188ba000):  JavaThread "C2 CompilerThread0" daemon [_thread_in_native, id=13872, stack(0x000000001a2c0000,0x000000001a3c0000)]

Stack: [0x000000001a2c0000,0x000000001a3c0000]
[error occurred during error reporting (printing stack bounds), id 0xc0000005]

Native frames: (J=compiled Java code, j=interpreted, Vv=VM code, C=native code)


Current CompileTask:
C2:  10037 2690   !   4       java.net.URL::<init> (543 bytes)


---------------  P R O C E S S  ---------------

Java Threads: ( => current thread )
  0x000000001be24800 JavaThread "File lock request listener" [_thread_in_native, id=23284, stack(0x0000000021ab0000,0x0000000021bb0000)]
  0x000000001b7b8800 JavaThread "Stdin handler" [_thread_blocked, id=17996, stack(0x000000001db20000,0x000000001dc20000)]
  0x000000001b568000 JavaThread "Asynchronous log dispatcher for DefaultDaemonConnection: socket connection from /127.0.0.1:55849 to /127.0.0.1:55850" [_thread_blocked, id=4400, stack(0x000000001da20000,0x000000001db20000)]
  0x000000001b6cd800 JavaThread "Daemon worker" [_thread_in_native, id=292, stack(0x000000001d920000,0x000000001da20000)]
  0x000000001b6da000 JavaThread "Cancel handler" [_thread_blocked, id=16544, stack(0x000000001d820000,0x000000001d920000)]
  0x000000001b35b800 JavaThread "pool-1-thread-1" [_thread_blocked, id=24580, stack(0x000000001d720000,0x000000001d820000)]
  0x000000001bbe2800 JavaThread "Handler for socket connection from /127.0.0.1:55849 to /127.0.0.1:55850" [_thread_in_native, id=26160, stack(0x000000001d620000,0x000000001d720000)]
  0x000000001ba5d800 JavaThread "Daemon" [_thread_blocked, id=9784, stack(0x000000001d520000,0x000000001d620000)]
  0x000000001b4fb000 JavaThread "Incoming local TCP Connector on port 55849" [_thread_in_native, id=28276, stack(0x000000001bf90000,0x000000001c090000)]
  0x0000000019d56000 JavaThread "Service Thread" daemon [_thread_blocked, id=22548, stack(0x000000001a5c0000,0x000000001a6c0000)]
  0x0000000019ccb800 JavaThread "C1 CompilerThread2" daemon [_thread_blocked, id=9004, stack(0x000000001a4c0000,0x000000001a5c0000)]
  0x00000000188bc000 JavaThread "C2 CompilerThread1" daemon [_thread_in_native, id=24800, stack(0x000000001a3c0000,0x000000001a4c0000)]
=>0x00000000188ba000 JavaThread "C2 CompilerThread0" daemon [_thread_in_native, id=13872, stack(0x000000001a2c0000,0x000000001a3c0000)]
  0x0000000019cc8800 JavaThread "Attach Listener" daemon [_thread_blocked, id=24528, stack(0x000000001a1c0000,0x000000001a2c0000)]
  0x000000001886e000 JavaThread "Signal Dispatcher" daemon [_thread_blocked, id=28776, stack(0x000000001a0c0000,0x000000001a1c0000)]
  0x0000000018848800 JavaThread "Finalizer" daemon [_thread_blocked, id=17476, stack(0x0000000019ac0000,0x0000000019bc0000)]
  0x0000000004ee1000 JavaThread "Reference Handler" daemon [_thread_blocked, id=17924, stack(0x00000000199c0000,0x0000000019ac0000)]
  0x000000000312d800 JavaThread "main" [_thread_blocked, id=29676, stack(0x0000000004940000,0x0000000004a40000)]

Other Threads:
  0x0000000018824800 VMThread [stack: 0x00000000198c0000,0x00000000199c0000] [id=10776]
  0x0000000019d59800 WatcherThread [stack: 0x000000001a6c0000,0x000000001a7c0000] [id=2232]

VM state:not at safepoint (normal execution)

VM Mutex/Monitor currently owned by a thread: None

Heap:
 PSYoungGen      total 71680K, used 47261K [0x00000000e0000000, 0x00000000e4b00000, 0x0000000100000000)
  eden space 66560K, 63% used [0x00000000e0000000,0x00000000e292ba70,0x00000000e4100000)
  from space 5120K, 99% used [0x00000000e4100000,0x00000000e45fbc40,0x00000000e4600000)
  to   space 5120K, 0% used [0x00000000e4600000,0x00000000e4600000,0x00000000e4b00000)
 ParOldGen       total 61440K, used 12043K [0x00000000a0000000, 0x00000000a3c00000, 0x00000000e0000000)
  object space 61440K, 19% used [0x00000000a0000000,0x00000000a0bc2d78,0x00000000a3c00000)
 Metaspace       used 28812K, capacity 29216K, committed 29440K, reserved 1075200K
  class space    used 3907K, capacity 4049K, committed 4096K, reserved 1048576K

Card table byte_map: [0x00000000142b0000,0x00000000145c0000] byte_map_base: 0x0000000013db0000

Marking Bits: (ParMarkBitMap*) 0x00000000746b18f0
 Begin Bits: [0x0000000014bc0000, 0x00000000163c0000)
 End Bits:   [0x00000000163c0000, 0x0000000017bc0000)

Polling page: 0x0000000003090000

CodeCache: size=245760Kb used=11098Kb max_used=11117Kb free=234661Kb
 bounds [0x0000000004ef0000, 0x00000000059e0000, 0x0000000013ef0000]
 total_blobs=3354 nmethods=2692 adapters=575
 compilation: enabled

Compilation events (10 events):
Event: 10.001 Thread 0x0000000019ccb800 2723       3       com.sun.org.apache.xerces.internal.util.URI::<init> (52 bytes)
Event: 10.001 Thread 0x0000000019ccb800 nmethod 2723 0x0000000005006450 code [0x00000000050065c0, 0x0000000005006848]
Event: 10.001 Thread 0x0000000019ccb800 2724       3       com.sun.org.apache.xerces.internal.util.URI::initialize (396 bytes)
Event: 10.004 Thread 0x0000000019ccb800 nmethod 2724 0x000000000500bb50 code [0x000000000500bec0, 0x000000000500dd48]
Event: 10.004 Thread 0x0000000019ccb800 2725       3       com.sun.org.apache.xerces.internal.util.URI::isAbsoluteURI (13 bytes)
Event: 10.004 Thread 0x0000000019ccb800 nmethod 2725 0x0000000004ff45d0 code [0x0000000004ff4720, 0x0000000004ff48d0]
Event: 10.018 Thread 0x0000000019ccb800 2726       3       java.util.Collections$EmptySet::iterator (4 bytes)
Event: 10.018 Thread 0x0000000019ccb800 nmethod 2726 0x0000000004ff4210 code [0x0000000004ff4380, 0x0000000004ff4530]
Event: 10.022 Thread 0x0000000019ccb800 2727       3       com.sun.org.apache.xerces.internal.utils.XMLSecurityManager::readSystemProperties (99 bytes)
Event: 10.023 Thread 0x0000000019ccb800 nmethod 2727 0x000000000501e590 code [0x000000000501e7a0, 0x000000000501f2c8]

GC Heap History (10 events):
Event: 4.059 GC heap before
{Heap before GC invocations=2 (full 0):
 PSYoungGen      total 38400K, used 37792K [0x00000000e0000000, 0x00000000e4b00000, 0x0000000100000000)
  eden space 33280K, 100% used [0x00000000e0000000,0x00000000e2080000,0x00000000e2080000)
  from space 5120K, 88% used [0x00000000e2080000,0x00000000e24e8030,0x00000000e2580000)
  to   space 5120K, 0% used [0x00000000e4600000,0x00000000e4600000,0x00000000e4b00000)
 ParOldGen       total 87552K, used 8K [0x00000000a0000000, 0x00000000a5580000, 0x00000000e0000000)
  object space 87552K, 0% used [0x00000000a0000000,0x00000000a0002000,0x00000000a5580000)
 Metaspace       used 13141K, capacity 13480K, committed 13696K, reserved 1060864K
  class space    used 1742K, capacity 1869K, committed 1920K, reserved 1048576K
Event: 4.069 GC heap after
Heap after GC invocations=2 (full 0):
 PSYoungGen      total 38400K, used 5106K [0x00000000e0000000, 0x00000000e4b00000, 0x0000000100000000)
  eden space 33280K, 0% used [0x00000000e0000000,0x00000000e0000000,0x00000000e2080000)
  from space 5120K, 99% used [0x00000000e4600000,0x00000000e4afca18,0x00000000e4b00000)
  to   space 5120K, 0% used [0x00000000e2080000,0x00000000e2080000,0x00000000e2580000)
 ParOldGen       total 87552K, used 1126K [0x00000000a0000000, 0x00000000a5580000, 0x00000000e0000000)
  object space 87552K, 1% used [0x00000000a0000000,0x00000000a0119bf0,0x00000000a5580000)
 Metaspace       used 13141K, capacity 13480K, committed 13696K, reserved 1060864K
  class space    used 1742K, capacity 1869K, committed 1920K, reserved 1048576K
}
Event: 5.548 GC heap before
{Heap before GC invocations=3 (full 0):
 PSYoungGen      total 38400K, used 38386K [0x00000000e0000000, 0x00000000e4b00000, 0x0000000100000000)
  eden space 33280K, 100% used [0x00000000e0000000,0x00000000e2080000,0x00000000e2080000)
  from space 5120K, 99% used [0x00000000e4600000,0x00000000e4afca18,0x00000000e4b00000)
  to   space 5120K, 0% used [0x00000000e2080000,0x00000000e2080000,0x00000000e2580000)
 ParOldGen       total 87552K, used 1126K [0x00000000a0000000, 0x00000000a5580000, 0x00000000e0000000)
  object space 87552K, 1% used [0x00000000a0000000,0x00000000a0119bf0,0x00000000a5580000)
 Metaspace       used 16790K, capacity 17126K, committed 17280K, reserved 1064960K
  class space    used 2328K, capacity 2419K, committed 2432K, reserved 1048576K
Event: 5.569 GC heap after
Heap after GC invocations=3 (full 0):
 PSYoungGen      total 38400K, used 5111K [0x00000000e0000000, 0x00000000e4b00000, 0x0000000100000000)
  eden space 33280K, 0% used [0x00000000e0000000,0x00000000e0000000,0x00000000e2080000)
  from space 5120K, 99% used [0x00000000e2080000,0x00000000e257de98,0x00000000e2580000)
  to   space 5120K, 0% used [0x00000000e4600000,0x00000000e4600000,0x00000000e4b00000)
 ParOldGen       total 87552K, used 4327K [0x00000000a0000000, 0x00000000a5580000, 0x00000000e0000000)
  object space 87552K, 4% used [0x00000000a0000000,0x00000000a0439e58,0x00000000a5580000)
 Metaspace       used 16790K, capacity 17126K, committed 17280K, reserved 1064960K
  class space    used 2328K, capacity 2419K, committed 2432K, reserved 1048576K
}
Event: 6.236 GC heap before
{Heap before GC invocations=4 (full 0):
 PSYoungGen      total 38400K, used 24698K [0x00000000e0000000, 0x00000000e4b00000, 0x0000000100000000)
  eden space 33280K, 58% used [0x00000000e0000000,0x00000000e1320a78,0x00000000e2080000)
  from space 5120K, 99% used [0x00000000e2080000,0x00000000e257de98,0x00000000e2580000)
  to   space 5120K, 0% used [0x00000000e4600000,0x00000000e4600000,0x00000000e4b00000)
 ParOldGen       total 87552K, used 4327K [0x00000000a0000000, 0x00000000a5580000, 0x00000000e0000000)
  object space 87552K, 4% used [0x00000000a0000000,0x00000000a0439e58,0x00000000a5580000)
 Metaspace       used 20814K, capacity 21100K, committed 21296K, reserved 1067008K
  class space    used 2753K, capacity 2869K, committed 2944K, reserved 1048576K
Event: 6.269 GC heap after
Heap after GC invocations=4 (full 0):
 PSYoungGen      total 71680K, used 5112K [0x00000000e0000000, 0x00000000e4b00000, 0x0000000100000000)
  eden space 66560K, 0% used [0x00000000e0000000,0x00000000e0000000,0x00000000e4100000)
  from space 5120K, 99% used [0x00000000e4600000,0x00000000e4afe030,0x00000000e4b00000)
  to   space 5120K, 0% used [0x00000000e4100000,0x00000000e4100000,0x00000000e4600000)
 ParOldGen       total 87552K, used 8516K [0x00000000a0000000, 0x00000000a5580000, 0x00000000e0000000)
  object space 87552K, 9% used [0x00000000a0000000,0x00000000a0851370,0x00000000a5580000)
 Metaspace       used 20814K, capacity 21100K, committed 21296K, reserved 1067008K
  class space    used 2753K, capacity 2869K, committed 2944K, reserved 1048576K
}
Event: 6.269 GC heap before
{Heap before GC invocations=5 (full 1):
 PSYoungGen      total 71680K, used 5112K [0x00000000e0000000, 0x00000000e4b00000, 0x0000000100000000)
  eden space 66560K, 0% used [0x00000000e0000000,0x00000000e0000000,0x00000000e4100000)
  from space 5120K, 99% used [0x00000000e4600000,0x00000000e4afe030,0x00000000e4b00000)
  to   space 5120K, 0% used [0x00000000e4100000,0x00000000e4100000,0x00000000e4600000)
 ParOldGen       total 87552K, used 8516K [0x00000000a0000000, 0x00000000a5580000, 0x00000000e0000000)
  object space 87552K, 9% used [0x00000000a0000000,0x00000000a0851370,0x00000000a5580000)
 Metaspace       used 20814K, capacity 21100K, committed 21296K, reserved 1067008K
  class space    used 2753K, capacity 2869K, committed 2944K, reserved 1048576K
Event: 6.347 GC heap after
Heap after GC invocations=5 (full 1):
 PSYoungGen      total 71680K, used 0K [0x00000000e0000000, 0x00000000e4b00000, 0x0000000100000000)
  eden space 66560K, 0% used [0x00000000e0000000,0x00000000e0000000,0x00000000e4100000)
  from space 5120K, 0% used [0x00000000e4600000,0x00000000e4600000,0x00000000e4b00000)
  to   space 5120K, 0% used [0x00000000e4100000,0x00000000e4100000,0x00000000e4600000)
 ParOldGen       total 61440K, used 9187K [0x00000000a0000000, 0x00000000a3c00000, 0x00000000e0000000)
  object space 61440K, 14% used [0x00000000a0000000,0x00000000a08f8ce8,0x00000000a3c00000)
 Metaspace       used 20814K, capacity 21100K, committed 21296K, reserved 1067008K
  class space    used 2753K, capacity 2869K, committed 2944K, reserved 1048576K
}
Event: 8.319 GC heap before
{Heap before GC invocations=6 (full 1):
 PSYoungGen      total 71680K, used 66560K [0x00000000e0000000, 0x00000000e4b00000, 0x0000000100000000)
  eden space 66560K, 100% used [0x00000000e0000000,0x00000000e4100000,0x00000000e4100000)
  from space 5120K, 0% used [0x00000000e4600000,0x00000000e4600000,0x00000000e4b00000)
  to   space 5120K, 0% used [0x00000000e4100000,0x00000000e4100000,0x00000000e4600000)
 ParOldGen       total 61440K, used 9187K [0x00000000a0000000, 0x00000000a3c00000, 0x00000000e0000000)
  object space 61440K, 14% used [0x00000000a0000000,0x00000000a08f8ce8,0x00000000a3c00000)
 Metaspace       used 26055K, capacity 26432K, committed 26752K, reserved 1073152K
  class space    used 3589K, capacity 3697K, committed 3712K, reserved 1048576K
Event: 8.336 GC heap after
Heap after GC invocations=6 (full 1):
 PSYoungGen      total 71680K, used 5103K [0x00000000e0000000, 0x00000000e4b00000, 0x0000000100000000)
  eden space 66560K, 0% used [0x00000000e0000000,0x00000000e0000000,0x00000000e4100000)
  from space 5120K, 99% used [0x00000000e4100000,0x00000000e45fbc40,0x00000000e4600000)
  to   space 5120K, 0% used [0x00000000e4600000,0x00000000e4600000,0x00000000e4b00000)
 ParOldGen       total 61440K, used 12043K [0x00000000a0000000, 0x00000000a3c00000, 0x00000000e0000000)
  object space 61440K, 19% used [0x00000000a0000000,0x00000000a0bc2d78,0x00000000a3c00000)
 Metaspace       used 26055K, capacity 26432K, committed 26752K, reserved 1073152K
  class space    used 3589K, capacity 3697K, committed 3712K, reserved 1048576K
}

Deoptimization events (10 events):
Event: 9.086 Thread 0x000000001b6cd800 Uncommon trap: reason=unstable_if action=reinterpret pc=0x00000000057d9fa8 method=com.sun.org.apache.xerces.internal.dom.ParentNode.nodeListGetLength()I @ 11
Event: 9.096 Thread 0x000000001b6cd800 Uncommon trap: reason=unstable_if action=reinterpret pc=0x00000000057d6468 method=com.sun.org.apache.xerces.internal.dom.ParentNode.nodeListGetLength()I @ 11
Event: 9.727 Thread 0x000000001b6cd800 Uncommon trap: reason=unstable_if action=reinterpret pc=0x00000000058f1ab8 method=com.sun.org.apache.xerces.internal.impl.XMLEntityScanner.skipSpaces()Z @ 75
Event: 9.727 Thread 0x000000001b6cd800 Uncommon trap: reason=unstable_if action=reinterpret pc=0x0000000005917278 method=com.sun.org.apache.xerces.internal.impl.XMLEntityScanner.peekChar()I @ 51
Event: 9.727 Thread 0x000000001b6cd800 Uncommon trap: reason=unstable_if action=reinterpret pc=0x00000000058aeb0c method=com.sun.org.apache.xerces.internal.impl.XMLEntityScanner.scanContent(Lcom/sun/org/apache/xerces/internal/xni/XMLString;)I @ 124
Event: 9.727 Thread 0x000000001b6cd800 Uncommon trap: reason=unstable_if action=reinterpret pc=0x000000000584042c method=com.sun.org.apache.xerces.internal.impl.XMLEntityScanner.peekChar()I @ 51
Event: 9.728 Thread 0x000000001b6cd800 Uncommon trap: reason=unstable_if action=reinterpret pc=0x0000000005898098 method=com.sun.org.apache.xerces.internal.impl.XMLEntityScanner.skipSpaces()Z @ 75
Event: 9.830 Thread 0x000000001b6cd800 Uncommon trap: reason=unstable_if action=reinterpret pc=0x000000000595dcb0 method=com.sun.org.apache.xerces.internal.impl.XMLEntityScanner.scanData(Ljava/lang/String;Lcom/sun/org/apache/xerces/internal/util/XMLStringBuffer;)Z @ 326
Event: 9.866 Thread 0x000000001b6cd800 Uncommon trap: reason=unstable_if action=reinterpret pc=0x000000000593cfd8 method=com.sun.org.apache.xerces.internal.impl.XMLEntityScanner.scanData(Ljava/lang/String;Lcom/sun/org/apache/xerces/internal/util/XMLStringBuffer;)Z @ 888
Event: 9.899 Thread 0x000000001b6cd800 Uncommon trap: reason=unstable_if action=reinterpret pc=0x00000000058cf970 method=com.sun.org.apache.xerces.internal.impl.XMLEntityScanner.scanName()Ljava/lang/String; @ 205

Internal exceptions (10 events):
Event: 7.703 Thread 0x000000001b6cd800 Exception <a 'java/lang/ClassNotFoundException': org/gradle/api/internal/artifacts/repositories/DefaultMavenArtifactRepositoryCustomizer> (0x00000000e290f388) thrown at [C:\src\android\AOSP-openjdk\external\jetbrains\jdk\hotspot\src\share\vm\classfile\systüJ
¾Ñ@
Event: 7.705 Thread 0x000000001b6cd800 Exception <a 'java/lang/ClassNotFoundException': org/gradle/api/internal/artifacts/repositories/DefaultMavenArtifactRepository_DecoratedCustomizer> (0x00000000e294f730) thrown at [C:\src\android\AOSP-openjdk\external\jetbrains\jdk\hotspot\src\share\vm\clas`a­]¯Ò@
Event: 7.956 Thread 0x000000001b6cd800 Exception <a 'java/lang/ClassNotFoundException': build_4ngn9ne47nyvd4c741nrrvundBeanInfo> (0x00000000e310dde0) thrown at [C:\src\android\AOSP-openjdk\external\jetbrains\jdk\hotspot\src\share\vm\classfile\systemDictionary.cpp, line 210]
Event: 7.957 Thread 0x000000001b6cd800 Exception <a 'java/lang/ClassNotFoundException': org/gradle/api/internal/project/ProjectScriptBeanInfo> (0x00000000e311f400) thrown at [C:\src\android\AOSP-openjdk\external\jetbrains\jdk\hotspot\src\share\vm\classfile\systemDictionary.cpp, line 210]
Event: 7.958 Thread 0x000000001b6cd800 Exception <a 'java/lang/ClassNotFoundException': org/gradle/api/internal/project/ProjectScriptCustomizer> (0x00000000e3130e60) thrown at [C:\src\android\AOSP-openjdk\external\jetbrains\jdk\hotspot\src\share\vm\classfile\systemDictionary.cpp, line 210]
Event: 7.961 Thread 0x000000001b6cd800 Exception <a 'java/lang/ClassNotFoundException': build_4ngn9ne47nyvd4c741nrrvundCustomizer> (0x00000000e3150650) thrown at [C:\src\android\AOSP-openjdk\external\jetbrains\jdk\hotspot\src\share\vm\classfile\systemDictionary.cpp, line 210]
Event: 8.242 Thread 0x000000001b6cd800 Exception <a 'java/lang/ClassNotFoundException': org/gradle/api/internal/artifacts/dsl/dependencies/DefaultDependencyHandler_DecoratedBeanInfo> (0x00000000e3d49558) thrown at [C:\src\android\AOSP-openjdk\external\jetbrains\jdk\hotspot\src\share\vm\classfilÓ“›º} @
Event: 8.246 Thread 0x000000001b6cd800 Exception <a 'java/lang/ClassNotFoundException': org/gradle/api/internal/artifacts/dsl/dependencies/DefaultDependencyHandlerBeanInfo> (0x00000000e3d77728) thrown at [C:\src\android\AOSP-openjdk\external\jetbrains\jdk\hotspot\src\share\vm\classfile\systemDi#¢;WQ~ @
Event: 8.247 Thread 0x000000001b6cd800 Exception <a 'java/lang/ClassNotFoundException': org/gradle/api/internal/artifacts/dsl/dependencies/DefaultDependencyHandlerCustomizer> (0x00000000e3da5f88) thrown at [C:\src\android\AOSP-openjdk\external\jetbrains\jdk\hotspot\src\share\vm\classfile\system
Event: 8.249 Thread 0x000000001b6cd800 Exception <a 'java/lang/ClassNotFoundException': org/gradle/api/internal/artifacts/dsl/dependencies/DefaultDependencyHandler_DecoratedCustomizer> (0x00000000e3de7fa8) thrown at [C:\src\android\AOSP-openjdk\external\jetbrains\jdk\hotspot\src\share\vm\classfAT jÆÏ@

Events (10 events):
Event: 9.875 loading class org/gradle/api/internal/artifacts/ivyservice/ivyresolve/parser/data/PomProfile done
Event: 9.876 Thread 0x0000000019ccb800 flushing nmethod 0x0000000005079fd0
Event: 9.876 Thread 0x0000000019ccb800 flushing nmethod 0x000000000508a3d0
Event: 9.899 Thread 0x000000001b6cd800 Uncommon trap: trap_request=0xffffff65 fr.pc=0x00000000058cf970
Event: 9.899 Thread 0x000000001b6cd800 DEOPT PACKING pc=0x00000000058cf970 sp=0x000000001da19470
Event: 9.899 Thread 0x000000001b6cd800 DEOPT UNPACKING pc=0x0000000004f3556a sp=0x000000001da19450 mode 2
Event: 9.953 loading class org/gradle/api/internal/artifacts/ivyservice/resolveengine/graph/conflicts/ConflictContainer$Conflict
Event: 9.953 loading class org/gradle/api/internal/artifacts/ivyservice/resolveengine/graph/conflicts/ConflictContainer$Conflict done
Event: 9.954 loading class org/gradle/api/internal/artifacts/ivyservice/resolveengine/graph/DependencyGraphBuilder$1
Event: 9.954 loading class org/gradle/api/internal/artifacts/ivyservice/resolveengine/graph/DependencyGraphBuilder$1 done


Dynamic libraries:
0x00007ff79e000000 - 0x00007ff79e031000 	C:\android\jre\bin\java.exe
0x00007ff866cc0000 - 0x00007ff866ea0000 	C:\WINDOWS\SYSTEM32\ntdll.dll
0x00007ff866750000 - 0x00007ff8667fe000 	C:\WINDOWS\System32\KERNEL32.DLL
0x00007ff863f20000 - 0x00007ff864186000 	C:\WINDOWS\System32\KERNELBASE.dll
0x00007ff866bb0000 - 0x00007ff866c51000 	C:\WINDOWS\System32\ADVAPI32.dll
0x00007ff865a20000 - 0x00007ff865abd000 	C:\WINDOWS\System32\msvcrt.dll
0x00007ff864190000 - 0x00007ff8641eb000 	C:\WINDOWS\System32\sechost.dll
0x00007ff866580000 - 0x00007ff86669f000 	C:\WINDOWS\System32\RPCRT4.dll
0x00007ff8662a0000 - 0x00007ff86642f000 	C:\WINDOWS\System32\USER32.dll
0x00007ff863bb0000 - 0x00007ff863bd0000 	C:\WINDOWS\System32\win32u.dll
0x00007ff866800000 - 0x00007ff866828000 	C:\WINDOWS\System32\GDI32.dll
0x00007ff863d80000 - 0x00007ff863f13000 	C:\WINDOWS\System32\gdi32full.dll
0x00007ff863140000 - 0x00007ff8631db000 	C:\WINDOWS\System32\msvcp_win.dll
0x00007ff863bd0000 - 0x00007ff863cc6000 	C:\WINDOWS\System32\ucrtbase.dll
0x00007ff853a60000 - 0x00007ff853cc9000 	C:\WINDOWS\WinSxS\amd64_microsoft.windows.common-controls_6595b64144ccf1df_6.0.16299.371_none_15c7d1789365a290\COMCTL32.dll
0x00007ff866830000 - 0x00007ff866b38000 	C:\WINDOWS\System32\combase.dll
0x00007ff8630c0000 - 0x00007ff863132000 	C:\WINDOWS\System32\bcryptPrimitives.dll
0x00007ff8657c0000 - 0x00007ff8657ed000 	C:\WINDOWS\System32\IMM32.DLL
0x0000000074b50000 - 0x0000000074c22000 	C:\android\jre\jre\bin\msvcr100.dll
0x0000000073ef0000 - 0x000000007472c000 	C:\android\jre\jre\bin\server\jvm.dll
0x00007ff864270000 - 0x00007ff864278000 	C:\WINDOWS\System32\PSAPI.DLL
0x00007ff860bd0000 - 0x00007ff860bf3000 	C:\WINDOWS\SYSTEM32\WINMM.dll
0x00007ff85ddf0000 - 0x00007ff85ddf9000 	C:\WINDOWS\SYSTEM32\WSOCK32.dll
0x00007ff85aaa0000 - 0x00007ff85aaaa000 	C:\WINDOWS\SYSTEM32\VERSION.dll
0x00007ff866b40000 - 0x00007ff866bac000 	C:\WINDOWS\System32\WS2_32.dll
0x00007ff860b70000 - 0x00007ff860b9a000 	C:\WINDOWS\SYSTEM32\WINMMBASE.dll
0x00007ff863b00000 - 0x00007ff863b4a000 	C:\WINDOWS\System32\cfgmgr32.dll
0x00007ff85dcb0000 - 0x00007ff85dcbf000 	C:\android\jre\jre\bin\verify.dll
0x00007ff844bd0000 - 0x00007ff844bf9000 	C:\android\jre\jre\bin\java.dll
0x00007ff845580000 - 0x00007ff845596000 	C:\android\jre\jre\bin\zip.dll
0x00007ff864280000 - 0x00007ff8656b6000 	C:\WINDOWS\System32\SHELL32.dll
0x00007ff8666a0000 - 0x00007ff866746000 	C:\WINDOWS\System32\shcore.dll
0x00007ff8633b0000 - 0x00007ff863af7000 	C:\WINDOWS\System32\windows.storage.dll
0x00007ff8656c0000 - 0x00007ff865711000 	C:\WINDOWS\System32\shlwapi.dll
0x00007ff863050000 - 0x00007ff863061000 	C:\WINDOWS\System32\kernel.appcore.dll
0x00007ff863070000 - 0x00007ff8630bc000 	C:\WINDOWS\System32\powrprof.dll
0x00007ff863010000 - 0x00007ff86302b000 	C:\WINDOWS\System32\profapi.dll
0x00007ff843580000 - 0x00007ff84359a000 	C:\android\jre\jre\bin\net.dll
0x00007ff8628a0000 - 0x00007ff862906000 	C:\WINDOWS\system32\mswsock.dll
0x00007ff840d90000 - 0x00007ff840da1000 	C:\android\jre\jre\bin\nio.dll
0x00007ff83e130000 - 0x00007ff83e14e000 	C:\Users\as\.gradle\native\23\windows-amd64\native-platform.dll
0x00007ff862a60000 - 0x00007ff862a77000 	C:\WINDOWS\SYSTEM32\CRYPTSP.dll
0x00007ff8624a0000 - 0x00007ff8624d3000 	C:\WINDOWS\system32\rsaenh.dll
0x00007ff862b70000 - 0x00007ff862b95000 	C:\WINDOWS\SYSTEM32\bcrypt.dll
0x00007ff862f40000 - 0x00007ff862f69000 	C:\WINDOWS\SYSTEM32\USERENV.dll
0x00007ff862a80000 - 0x00007ff862a8b000 	C:\WINDOWS\SYSTEM32\CRYPTBASE.dll
0x00007ff862630000 - 0x00007ff862669000 	C:\WINDOWS\SYSTEM32\IPHLPAPI.DLL
0x00007ff865ac0000 - 0x00007ff865ac8000 	C:\WINDOWS\System32\NSI.dll
0x00007ff85c950000 - 0x00007ff85c966000 	C:\WINDOWS\SYSTEM32\dhcpcsvc6.DLL
0x00007ff85d420000 - 0x00007ff85d43a000 	C:\WINDOWS\SYSTEM32\dhcpcsvc.DLL
0x00007ff85b2c0000 - 0x00007ff85b2cd000 	C:\android\jre\jre\bin\management.dll

VM Arguments:
jvm_args: -Xmx1536m -Dfile.encoding=GBK -Duser.country=CN -Duser.language=zh -Duser.variant 
java_command: org.gradle.launcher.daemon.bootstrap.GradleDaemon 3.3
java_class_path (initial): C:\Users\as\.gradle\wrapper\dists\gradle-3.3-all\55gk2rcmfc6p2dg9u9ohc3hw9\gradle-3.3\lib\gradle-launcher-3.3.jar
Launcher Type: SUN_STANDARD

Environment Variables:
JAVA_HOME=C:\Program Files\Java\jdk1.8.0_92
USERNAME=as
OS=Windows_NT
PROCESSOR_IDENTIFIER=Intel64 Family 6 Model 61 Stepping 4, GenuineIntel



---------------  S Y S T E M  ---------------

OS: Windows 10.0 , 64 bit Build 16299 (10.0.16299.15)

CPU:total 4 (2 cores per cpu, 2 threads per core) family 6 model 61 stepping 4, cmov, cx8, fxsr, mmx, sse, sse2, sse3, ssse3, sse4.1, sse4.2, popcnt, avx, avx2, aes, clmul, erms, 3dnowpref, lzcnt, ht, tsc, tscinvbit, bmi1, bmi2, adx

Memory: 4k page, physical 8301648k(1479864k free), swap 19954184k(196k free)

vm_info: OpenJDK 64-Bit Server VM (25.112-b06) for windows-amd64 JRE (1.8.0_112-release-b06), built on Dec  8 2016 00:54:26 by "builder" with MS VC++ 10.0 (VS2010)

time: Thu May 10 20:15:08 2018
elapsed time: 10 seconds (0d 0h 0m 10s)

